<?xml version="1.0" encoding="UTF-8"?>
<testng-results skipped="0" failed="0" total="1" passed="1">
  <reporter-output>
  </reporter-output>
  <suite name="Default suite" duration-ms="17730" started-at="2019-11-20T06:46:17Z" finished-at="2019-11-20T06:46:35Z">
    <groups>
    </groups>
    <test name="Default test" duration-ms="17730" started-at="2019-11-20T06:46:17Z" finished-at="2019-11-20T06:46:35Z">
      <class name="POM.Pgtest">
        <test-method status="PASS" signature="f()[pri:0, instance:POM.Pgtest@1888ff2c]" name="f" duration-ms="17707" started-at="2019-11-20T12:16:17Z" finished-at="2019-11-20T12:16:35Z">
          <reporter-output>
          </reporter-output>
        </test-method> <!-- f -->
      </class> <!-- POM.Pgtest -->
    </test> <!-- Default test -->
  </suite> <!-- Default suite -->
</testng-results>
